[0.017s] Invoking command in '/home/harperer123/husky_ws/build/husky_description': CMAKE_PREFIX_PATH=${CMAKE_PREFIX_PATH}:/opt/ros/kilted DEBUGINFOD_URLS=https://debuginfod.ubuntu.com /usr/bin/cmake /home/harperer123/husky_ws/src/husky/husky_description -DCMAKE_INSTALL_PREFIX=/home/harperer123/husky_ws/install/husky_description
[0.118s] -- The C compiler identification is GNU 13.3.0
[0.210s] -- The CXX compiler identification is GNU 13.3.0
[0.227s] -- Detecting C compiler ABI info
[0.309s] -- Detecting C compiler ABI info - done
[0.318s] -- Check for working C compiler: /usr/bin/cc - skipped
[0.319s] -- Detecting C compile features
[0.320s] -- Detecting C compile features - done
[0.328s] -- Detecting CXX compiler ABI info
[0.418s] -- Detecting CXX compiler ABI info - done
[0.427s] -- Check for working CXX compiler: /usr/bin/c++ - skipped
[0.428s] -- Detecting CXX compile features
[0.428s] -- Detecting CXX compile features - done
[0.431s] -- Found ament_cmake: 2.7.3 (/opt/ros/kilted/share/ament_cmake/cmake)
[0.569s] -- Found Python3: /usr/bin/python3 (found version "3.12.3") found components: Interpreter 
[0.684s] -- Found urdf: 2.12.2 (/opt/ros/kilted/share/urdf/cmake)
[0.800s] -- Configuring done (0.8s)
[0.803s] -- Generating done (0.0s)
[0.807s] -- Build files have been written to: /home/harperer123/husky_ws/build/husky_description
[0.813s] Invoked command in '/home/harperer123/husky_ws/build/husky_description' returned '0': CMAKE_PREFIX_PATH=${CMAKE_PREFIX_PATH}:/opt/ros/kilted DEBUGINFOD_URLS=https://debuginfod.ubuntu.com /usr/bin/cmake /home/harperer123/husky_ws/src/husky/husky_description -DCMAKE_INSTALL_PREFIX=/home/harperer123/husky_ws/install/husky_description
[0.814s] Invoking command in '/home/harperer123/husky_ws/build/husky_description': CMAKE_PREFIX_PATH=${CMAKE_PREFIX_PATH}:/opt/ros/kilted DEBUGINFOD_URLS=https://debuginfod.ubuntu.com /usr/bin/cmake --build /home/harperer123/husky_ws/build/husky_description -- -j8 -l8
[0.846s] Invoked command in '/home/harperer123/husky_ws/build/husky_description' returned '0': CMAKE_PREFIX_PATH=${CMAKE_PREFIX_PATH}:/opt/ros/kilted DEBUGINFOD_URLS=https://debuginfod.ubuntu.com /usr/bin/cmake --build /home/harperer123/husky_ws/build/husky_description -- -j8 -l8
[0.855s] Invoking command in '/home/harperer123/husky_ws/build/husky_description': CMAKE_PREFIX_PATH=${CMAKE_PREFIX_PATH}:/opt/ros/kilted DEBUGINFOD_URLS=https://debuginfod.ubuntu.com /usr/bin/cmake --install /home/harperer123/husky_ws/build/husky_description
[0.862s] -- Install configuration: ""
[0.862s] -- Installing: /home/harperer123/husky_ws/install/husky_description/share/husky_description/launch
[0.863s] -- Installing: /home/harperer123/husky_ws/install/husky_description/share/husky_description/launch/description.launch
[0.863s] -- Installing: /home/harperer123/husky_ws/install/husky_description/share/husky_description/launch/description_launch.py
[0.863s] -- Installing: /home/harperer123/husky_ws/install/husky_description/share/husky_description/meshes
[0.863s] -- Installing: /home/harperer123/husky_ws/install/husky_description/share/husky_description/meshes/bumper.dae
[0.863s] -- Installing: /home/harperer123/husky_ws/install/husky_description/share/husky_description/meshes/wheel.stl
[0.864s] -- Installing: /home/harperer123/husky_ws/install/husky_description/share/husky_description/meshes/top_chassis.stl
[0.865s] -- Installing: /home/harperer123/husky_ws/install/husky_description/share/husky_description/meshes/base_link.dae
[0.865s] -- Installing: /home/harperer123/husky_ws/install/husky_description/share/husky_description/meshes/user_rail.dae
[0.865s] -- Installing: /home/harperer123/husky_ws/install/husky_description/share/husky_description/meshes/large_top_plate.dae
[0.866s] -- Installing: /home/harperer123/husky_ws/install/husky_description/share/husky_description/meshes/large_top_plate_collision.stl
[0.866s] -- Installing: /home/harperer123/husky_ws/install/husky_description/share/husky_description/meshes/bumper_extension.dae
[0.866s] -- Installing: /home/harperer123/husky_ws/install/husky_description/share/husky_description/meshes/top_chassis.dae
[0.867s] -- Installing: /home/harperer123/husky_ws/install/husky_description/share/husky_description/meshes/accessories
[0.867s] -- Installing: /home/harperer123/husky_ws/install/husky_description/share/husky_description/meshes/accessories/lms1xx_mount.stl
[0.867s] -- Installing: /home/harperer123/husky_ws/install/husky_description/share/husky_description/meshes/accessories/300_mm_sensor_arch.stl
[0.867s] -- Installing: /home/harperer123/husky_ws/install/husky_description/share/husky_description/meshes/accessories/300_mm_sensor_arch.dae
[0.868s] -- Installing: /home/harperer123/husky_ws/install/husky_description/share/husky_description/meshes/accessories/510_mm_sensor_arch.stl
[0.868s] -- Installing: /home/harperer123/husky_ws/install/husky_description/share/husky_description/meshes/accessories/lidar_mount.stl
[0.868s] -- Installing: /home/harperer123/husky_ws/install/husky_description/share/husky_description/meshes/accessories/lms1xx_mount.dae
[0.868s] -- Installing: /home/harperer123/husky_ws/install/husky_description/share/husky_description/meshes/accessories/510_mm_sensor_arch.dae
[0.868s] -- Installing: /home/harperer123/husky_ws/install/husky_description/share/husky_description/meshes/base_link.stl
[0.868s] -- Installing: /home/harperer123/husky_ws/install/husky_description/share/husky_description/meshes/top_plate.stl
[0.869s] -- Installing: /home/harperer123/husky_ws/install/husky_description/share/husky_description/meshes/top_plate.dae
[0.869s] -- Installing: /home/harperer123/husky_ws/install/husky_description/share/husky_description/meshes/user_rail.stl
[0.869s] -- Installing: /home/harperer123/husky_ws/install/husky_description/share/husky_description/meshes/wheel.dae
[0.871s] -- Installing: /home/harperer123/husky_ws/install/husky_description/share/husky_description/urdf
[0.871s] -- Installing: /home/harperer123/husky_ws/install/husky_description/share/husky_description/urdf/empty.urdf
[0.872s] -- Installing: /home/harperer123/husky_ws/install/husky_description/share/husky_description/urdf/decorations.urdf.xacro
[0.872s] -- Installing: /home/harperer123/husky_ws/install/husky_description/share/husky_description/urdf/wheel.urdf.xacro
[0.872s] -- Installing: /home/harperer123/husky_ws/install/husky_description/share/husky_description/urdf/husky_macro.urdf.xacro
[0.872s] -- Installing: /home/harperer123/husky_ws/install/husky_description/share/husky_description/urdf/accessories
[0.872s] -- Installing: /home/harperer123/husky_ws/install/husky_description/share/husky_description/urdf/accessories/sick_lms1xx_mount.urdf.xacro
[0.872s] -- Installing: /home/harperer123/husky_ws/install/husky_description/share/husky_description/urdf/accessories/sensor_arch.urdf.xacro
[0.872s] -- Installing: /home/harperer123/husky_ws/install/husky_description/share/husky_description/urdf/accessories/intel_realsense.urdf.xacro
[0.872s] -- Installing: /home/harperer123/husky_ws/install/husky_description/share/husky_description/urdf/husky.urdf.xacro
[0.873s] -- Installing: /home/harperer123/husky_ws/install/husky_description/share/ament_index/resource_index/package_run_dependencies/husky_description
[0.873s] -- Installing: /home/harperer123/husky_ws/install/husky_description/share/ament_index/resource_index/parent_prefix_path/husky_description
[0.873s] -- Installing: /home/harperer123/husky_ws/install/husky_description/share/husky_description/environment/ament_prefix_path.sh
[0.873s] -- Installing: /home/harperer123/husky_ws/install/husky_description/share/husky_description/environment/ament_prefix_path.dsv
[0.873s] -- Installing: /home/harperer123/husky_ws/install/husky_description/share/husky_description/environment/path.sh
[0.873s] -- Installing: /home/harperer123/husky_ws/install/husky_description/share/husky_description/environment/path.dsv
[0.873s] -- Installing: /home/harperer123/husky_ws/install/husky_description/share/husky_description/local_setup.bash
[0.874s] -- Installing: /home/harperer123/husky_ws/install/husky_description/share/husky_description/local_setup.sh
[0.874s] -- Installing: /home/harperer123/husky_ws/install/husky_description/share/husky_description/local_setup.zsh
[0.874s] -- Installing: /home/harperer123/husky_ws/install/husky_description/share/husky_description/local_setup.dsv
[0.874s] -- Installing: /home/harperer123/husky_ws/install/husky_description/share/husky_description/package.dsv
[0.874s] -- Installing: /home/harperer123/husky_ws/install/husky_description/share/ament_index/resource_index/packages/husky_description
[0.874s] -- Installing: /home/harperer123/husky_ws/install/husky_description/share/husky_description/cmake/ament_cmake_export_dependencies-extras.cmake
[0.875s] -- Installing: /home/harperer123/husky_ws/install/husky_description/share/husky_description/cmake/husky_descriptionConfig.cmake
[0.875s] -- Installing: /home/harperer123/husky_ws/install/husky_description/share/husky_description/cmake/husky_descriptionConfig-version.cmake
[0.875s] -- Installing: /home/harperer123/husky_ws/install/husky_description/share/husky_description/package.xml
[0.877s] Invoked command in '/home/harperer123/husky_ws/build/husky_description' returned '0': CMAKE_PREFIX_PATH=${CMAKE_PREFIX_PATH}:/opt/ros/kilted DEBUGINFOD_URLS=https://debuginfod.ubuntu.com /usr/bin/cmake --install /home/harperer123/husky_ws/build/husky_description
